<?xml version="1.0" encoding="UTF-8"?>
<!-- Generated by org.testng.reporters.JUnitReportReporter -->
<testsuite skipped="0" hostname="Server01" name="runners.PositiveTest" tests="1" failures="1" timestamp="20 Jul 2022 08:55:28 GMT" time="53.630" errors="0">
  <testcase name="runScenario" time="53.630" classname="runners.PositiveTest">
    <failure type="java.lang.AssertionError" message="Failing the step">
      <![CDATA[java.lang.AssertionError: Failing the step
at org.testng.Assert.fail(Assert.java:96)
at steps.SearchCarsSteps.i_move_to_Car_For_Sale_Menu(SearchCarsSteps.java:33)
at âœ½.I move to Car For Sale Menu(file:///C:/Users/Mauli11/Desktop/Rahul%20project/Rahul%20All%20project/Cucumber_framework/src/test/resources/FeatureFiles/SearchCars.feature:10)
]]>
    </failure>
  </testcase> <!-- runScenario -->
</testsuite> <!-- runners.PositiveTest -->
